<?xml version="1.0" encoding="UTF-8"?>
<!-- Generated by org.testng.reporters.JUnitReportReporter -->
<testsuite hostname="Nitins-MacBook-Air.local" failures="0" tests="1" name="rahulshettyacademy.ExtentReports.ExtentReportDemo" time="3.819" errors="0" timestamp="2025-03-25T19:37:15 IST" skipped="0">
  <testcase classname="rahulshettyacademy.ExtentReports.ExtentReportDemo" name="initialDemo" time="3.819"/>
</testsuite> <!-- rahulshettyacademy.ExtentReports.ExtentReportDemo -->
